Build started 2014-11-29 1:45:17 PM.
     1>Project "C:\Users\Ramin\Documents\Irrlicht\Projects\IEEEGDC_2\Run2\Run2\Run2.vcxproj" on node 2 (Build target(s)).
     1>ClCompile:
         C:\Program Files (x86)\Microsoft Visual Studio 12.0\VC\bin\CL.exe /c /I"C:\Users\Ramin\Documents\Irrlicht\irrlicht-1.8.1\include" /I"C:\Users\Ramin\Documents\Irrlicht\irrKlang-1.4.0\include" /ZI /nologo /W3 /WX- /sdl /Od /Oy- /D WIN32 /D _DEBUG /D _CONSOLE /D _LIB /D _UNICODE /D UNICODE /Gm /EHsc /RTC1 /MDd /GS /fp:precise /Zc:wchar_t /Zc:forScope /Fo"Debug\\" /Fd"Debug\vc120.pdb" /Gd /TP /analyze- /errorReport:prompt main.cpp
         main.cpp
     1>c:\users\ramin\documents\irrlicht\projects\ieeegdc_2\run2\run2\main.cpp(29): warning C4244: 'argument' : conversion from 'int' to 'irr::f32', possible loss of data
     1>c:\users\ramin\documents\irrlicht\projects\ieeegdc_2\run2\run2\main.cpp(29): warning C4244: 'argument' : conversion from 'const int' to 'irr::f32', possible loss of data
     1>c:\users\ramin\documents\irrlicht\projects\ieeegdc_2\run2\run2\main.cpp(30): warning C4244: 'argument' : conversion from 'int' to 'irr::f32', possible loss of data
     1>c:\users\ramin\documents\irrlicht\projects\ieeegdc_2\run2\run2\main.cpp(30): warning C4244: 'argument' : conversion from 'const int' to 'irr::f32', possible loss of data
     1>c:\users\ramin\documents\irrlicht\projects\ieeegdc_2\run2\run2\main.cpp(117): warning C4244: '=' : conversion from 'const irr::u32' to 'irr::f32', possible loss of data
     1>c:\users\ramin\documents\irrlicht\projects\ieeegdc_2\run2\run2\main.cpp(118): warning C4244: '=' : conversion from 'const irr::u32' to 'irr::f32', possible loss of data
     1>c:\users\ramin\documents\irrlicht\projects\ieeegdc_2\run2\run2\main.cpp(182): warning C4244: '=' : conversion from 'const irr::u32' to 'irr::f32', possible loss of data
     1>c:\users\ramin\documents\irrlicht\projects\ieeegdc_2\run2\run2\main.cpp(218): warning C4244: '=' : conversion from 'irr::u32' to 'irr::f32', possible loss of data
     1>c:\users\ramin\documents\irrlicht\projects\ieeegdc_2\run2\run2\main.cpp(241): warning C4244: '=' : conversion from 'irr::u32' to 'irr::f32', possible loss of data
       Link:
         C:\Program Files (x86)\Microsoft Visual Studio 12.0\VC\bin\link.exe /ERRORREPORT:PROMPT /OUT:"C:\Users\Ramin\Documents\Irrlicht\Projects\IEEEGDC_2\Run2\Debug\Run2.exe" /INCREMENTAL /NOLOGO /LIBPATH:"C:\Users\Ramin\Documents\Irrlicht\irrlicht-1.8.1\lib\Win32-visualstudio" /LIBPATH:"C:\Users\Ramin\Documents\Irrlicht\irrKlang-1.4.0\lib\Win32-visualStudio" kernel32.lib user32.lib gdi32.lib winspool.lib comdlg32.lib advapi32.lib shell32.lib ole32.lib oleaut32.lib uuid.lib odbc32.lib odbccp32.lib /MANIFEST /MANIFESTUAC:"level='asInvoker' uiAccess='false'" /manifest:embed /DEBUG /PDB:"C:\Users\Ramin\Documents\Irrlicht\Projects\IEEEGDC_2\Run2\Debug\Run2.pdb" /SUBSYSTEM:CONSOLE /TLBID:1 /DYNAMICBASE /NXCOMPAT /IMPLIB:"C:\Users\Ramin\Documents\Irrlicht\Projects\IEEEGDC_2\Run2\Debug\Run2.lib" /MACHINE:X86 Debug\main.obj
         Run2.vcxproj -> C:\Users\Ramin\Documents\Irrlicht\Projects\IEEEGDC_2\Run2\Debug\Run2.exe
     1>Done Building Project "C:\Users\Ramin\Documents\Irrlicht\Projects\IEEEGDC_2\Run2\Run2\Run2.vcxproj" (Build target(s)).

Build succeeded.

Time Elapsed 00:00:14.63
